Build started 2017-05-03 6:39:34 PM.
     1>Project "E:\hung.nguyenvan2\NewTraining_OpenGL30-09_09_2013\NewTraining_OpenGL30-09_09_2013\NewTrainingFramework\Utilities\Utilities.vcxproj" on node 2 (Rebuild target(s)).
     1>ClCompile:
         C:\Program Files (x86)\Microsoft Visual Studio 11.0\VC\bin\CL.exe /c /I"E:\hung.nguyenvan2\NewTraining_OpenGL30-09_09_2013\NewTraining_OpenGL30-09_09_2013\NewTrainingFramework\\Include" /ZI /nologo /W3 /WX- /Od /Oy- /D WIN32 /D _DEBUG /D _LIB /D _MBCS /Gm /EHsc /RTC1 /MDd /GS /fp:precise /Zc:wchar_t /Zc:forScope /Yc"stdafx.h" /Fp"Debug\Utilities.pch" /Fo"Debug\\" /Fd"Debug\vc110.pdb" /Gd /TP /analyze- /errorReport:prompt stdafx.cpp
         stdafx.cpp
         C:\Program Files (x86)\Microsoft Visual Studio 11.0\VC\bin\CL.exe /c /I"E:\hung.nguyenvan2\NewTraining_OpenGL30-09_09_2013\NewTraining_OpenGL30-09_09_2013\NewTrainingFramework\\Include" /ZI /nologo /W3 /WX- /Od /Oy- /D WIN32 /D _DEBUG /D _LIB /D _MBCS /Gm /EHsc /RTC1 /MDd /GS /fp:precise /Zc:wchar_t /Zc:forScope /Yu"stdafx.h" /Fp"Debug\Utilities.pch" /Fo"Debug\\" /Fd"Debug\vc110.pdb" /Gd /TP /analyze- /errorReport:prompt esShader.cpp esUtil.cpp esUtil_win.cpp Math.cpp MemoryManager.cpp MemoryOperators.cpp TGA.cpp
         TGA.cpp
         MemoryOperators.cpp
         MemoryManager.cpp
         Math.cpp
         esUtil_win.cpp
         esUtil.cpp
         esShader.cpp
         Generating Code...
       Lib:
         C:\Program Files (x86)\Microsoft Visual Studio 11.0\VC\bin\Lib.exe /OUT:"E:\hung.nguyenvan2\NewTraining_OpenGL30-09_09_2013\NewTraining_OpenGL30-09_09_2013\NewTrainingFramework\Debug\Utilities.lib" /NOLOGO Debug\esShader.obj
         Debug\esUtil.obj
         Debug\esUtil_win.obj
         Debug\Math.obj
         Debug\MemoryManager.obj
         Debug\MemoryOperators.obj
         Debug\stdafx.obj
         Debug\TGA.obj
         Utilities.vcxproj -> E:\hung.nguyenvan2\NewTraining_OpenGL30-09_09_2013\NewTraining_OpenGL30-09_09_2013\NewTrainingFramework\Debug\Utilities.lib
     1>Done Building Project "E:\hung.nguyenvan2\NewTraining_OpenGL30-09_09_2013\NewTraining_OpenGL30-09_09_2013\NewTrainingFramework\Utilities\Utilities.vcxproj" (Rebuild target(s)).

Build succeeded.

Time Elapsed 00:00:02.45
