Build started 2016-11-01 5:19:06 PM.
     1>Project "D:\hung.nguyenvan2\KidBuu\trunk\christmasGame\prj\Game_2012.vcxproj" on node 2 (Build target(s)).
     1>ClCompile:
         C:\Program Files (x86)\Microsoft Visual Studio 11.0\VC\bin\CL.exe /c /ID:\hung.nguyenvan2\KidBuu\trunk\christmasGame\prj\..\ExternalLibs\Box2D\include /ID:\hung.nguyenvan2\KidBuu\trunk\christmasGame\prj\..\ExternalLibs\Box2D\src /ID:\hung.nguyenvan2\KidBuu\trunk\christmasGame\prj\..\ExternalLibs\irrKlang\include /ID:\hung.nguyenvan2\KidBuu\trunk\christmasGame\prj\..\ExternalLibs\irrLicht\include /ID:\hung.nguyenvan2\KidBuu\trunk\christmasGame\prj\..\ExternalLibs\irrLicht\src /ID:\hung.nguyenvan2\KidBuu\trunk\christmasGame\prj\..\src /ZI /nologo /W3 /WX- /Od /Oy- /D WIN32 /D _DEBUG /D _CONSOLE /D _UNICODE /D UNICODE /Gm /EHsc /RTC1 /MDd /GS /fp:precise /Zc:wchar_t /Zc:forScope /Fo"Debug\\" /Fd"Debug\vc110.pdb" /Gd /TP /analyze- /errorReport:prompt ..\src\HelloWorld.cpp
         HelloWorld.cpp
     1>d:\hung.nguyenvan2\kidbuu\trunk\christmasgame\src\helloworld.cpp(273): warning C4129: 'i' : unrecognized character escape sequence
       Link:
         C:\Program Files (x86)\Microsoft Visual Studio 11.0\VC\bin\link.exe /ERRORREPORT:PROMPT /OUT:"D:\hung.nguyenvan2\KidBuu\trunk\christmasGame\prj\Debug\Game_2012.exe" /INCREMENTAL /NOLOGO /LIBPATH:"D:\hung.nguyenvan2\KidBuu\trunk\christmasGame\prj\..\ExternalLibs\irrKlang\staticLib\Win32-visualStudio" kernel32.lib user32.lib gdi32.lib winspool.lib comdlg32.lib advapi32.lib shell32.lib ole32.lib oleaut32.lib uuid.lib odbc32.lib odbccp32.lib /MANIFEST /MANIFESTUAC:"level='asInvoker' uiAccess='false'" /manifest:embed /DEBUG /PDB:"D:\hung.nguyenvan2\KidBuu\trunk\christmasGame\prj\Debug\Game_2012.pdb" /SUBSYSTEM:CONSOLE /TLBID:1 /DYNAMICBASE /NXCOMPAT /IMPLIB:"D:\hung.nguyenvan2\KidBuu\trunk\christmasGame\prj\Debug\Game_2012.lib" /MACHINE:X86 Debug\HelloWorld.obj
         D:\hung.nguyenvan2\KidBuu\trunk\christmasGame\prj\Debug\Box2D_2012.lib
         D:\hung.nguyenvan2\KidBuu\trunk\christmasGame\prj\Debug\irrKlang_2012.lib
         D:\hung.nguyenvan2\KidBuu\trunk\christmasGame\prj\Debug\irrLitch.lib
            Creating library D:\hung.nguyenvan2\KidBuu\trunk\christmasGame\prj\Debug\Game_2012.lib and object D:\hung.nguyenvan2\KidBuu\trunk\christmasGame\prj\Debug\Game_2012.exp
     1>irrLitch.lib(CBillboardSceneNode.obj) : warning LNK4049: locally defined symbol ?IdentityMatrix@core@irr@@3V?$CMatrix4@M@12@B (class irr::core::CMatrix4<float> const irr::core::IdentityMatrix) imported
     1>irrLitch.lib(CTerrainSceneNode.obj) : warning LNK4049: locally defined symbol ?IdentityMatrix@core@irr@@3V?$CMatrix4@M@12@B (class irr::core::CMatrix4<float> const irr::core::IdentityMatrix) imported
     1>irrLitch.lib(CSceneManager.obj) : warning LNK4049: locally defined symbol ?IdentityMatrix@core@irr@@3V?$CMatrix4@M@12@B (class irr::core::CMatrix4<float> const irr::core::IdentityMatrix) imported
     1>irrLitch.lib(C3DSMeshFileLoader.obj) : warning LNK4217: locally defined symbol ?IdentityMatrix@core@irr@@3V?$CMatrix4@M@12@B (class irr::core::CMatrix4<float> const irr::core::IdentityMatrix) imported in function "public: __thiscall irr::core::CMatrix4<float>::CMatrix4<float>(class irr::core::CMatrix4<float> const &,enum irr::core::CMatrix4<float>::eConstructor)" (??0?$CMatrix4@M@core@irr@@QAE@ABV012@W4eConstructor@012@@Z)
     1>irrLitch.lib(CColladaFileLoader.obj) : warning LNK4049: locally defined symbol ?IdentityMatrix@core@irr@@3V?$CMatrix4@M@12@B (class irr::core::CMatrix4<float> const irr::core::IdentityMatrix) imported
     1>irrLitch.lib(CAnimatedMeshSceneNode.obj) : warning LNK4217: locally defined symbol ?IdentityMatrix@core@irr@@3V?$CMatrix4@M@12@B (class irr::core::CMatrix4<float> const irr::core::IdentityMatrix) imported in function "private: class irr::scene::IMesh * __thiscall irr::scene::CAnimatedMeshSceneNode::getMeshForCurrentFrame(void)" (?getMeshForCurrentFrame@CAnimatedMeshSceneNode@scene@irr@@AAEPAVIMesh@23@XZ)
     1>irrLitch.lib(CSoftwareDriver.obj) : warning LNK4049: locally defined symbol ?IdentityMatrix@core@irr@@3V?$CMatrix4@M@12@B (class irr::core::CMatrix4<float> const irr::core::IdentityMatrix) imported
     1>irrLitch.lib(CSoftwareDriver2.obj) : warning LNK4217: locally defined symbol ?IdentityMatrix@core@irr@@3V?$CMatrix4@M@12@B (class irr::core::CMatrix4<float> const irr::core::IdentityMatrix) imported in function "int __cdecl irr::Blit(enum irr::eBlitter,class irr::video::IImage *,class irr::core::rect<int> const *,class irr::core::vector2d<int> const *,class irr::video::IImage * const,class irr::core::rect<int> const *,unsigned int)" (?Blit@irr@@YAHW4eBlitter@1@PAVIImage@video@1@PBV?$rect@H@core@1@PBV?$vector2d@H@61@QAV341@2I@Z)
     1>irrLitch.lib(CD3D9Driver.obj) : warning LNK4049: locally defined symbol ?IdentityMatrix@core@irr@@3V?$CMatrix4@M@12@B (class irr::core::CMatrix4<float> const irr::core::IdentityMatrix) imported
     1>irrLitch.lib(COpenGLDriver.obj) : warning LNK4049: locally defined symbol ?IdentityMatrix@core@irr@@3V?$CMatrix4@M@12@B (class irr::core::CMatrix4<float> const irr::core::IdentityMatrix) imported
     1>irrLitch.lib(COBJMeshFileLoader.obj) : warning LNK4049: locally defined symbol ?LOCALE_DECIMAL_POINTS@core@irr@@3V?$string@DV?$irrAllocator@D@core@irr@@@12@A (class irr::core::string<char,class irr::core::irrAllocator<char> > irr::core::LOCALE_DECIMAL_POINTS) imported
     1>irrLitch.lib(CSTLMeshFileLoader.obj) : warning LNK4049: locally defined symbol ?LOCALE_DECIMAL_POINTS@core@irr@@3V?$string@DV?$irrAllocator@D@core@irr@@@12@A (class irr::core::string<char,class irr::core::irrAllocator<char> > irr::core::LOCALE_DECIMAL_POINTS) imported
     1>irrLitch.lib(CQuake3ShaderSceneNode.obj) : warning LNK4049: locally defined symbol ?LOCALE_DECIMAL_POINTS@core@irr@@3V?$string@DV?$irrAllocator@D@core@irr@@@12@A (class irr::core::string<char,class irr::core::irrAllocator<char> > irr::core::LOCALE_DECIMAL_POINTS) imported
     1>irrLitch.lib(CXMLReader.obj) : warning LNK4049: locally defined symbol ?LOCALE_DECIMAL_POINTS@core@irr@@3V?$string@DV?$irrAllocator@D@core@irr@@@12@A (class irr::core::string<char,class irr::core::irrAllocator<char> > irr::core::LOCALE_DECIMAL_POINTS) imported
     1>irrLitch.lib(CXMeshFileLoader.obj) : warning LNK4049: locally defined symbol ?LOCALE_DECIMAL_POINTS@core@irr@@3V?$string@DV?$irrAllocator@D@core@irr@@@12@A (class irr::core::string<char,class irr::core::irrAllocator<char> > irr::core::LOCALE_DECIMAL_POINTS) imported
     1>irrLitch.lib(CColladaFileLoader.obj) : warning LNK4049: locally defined symbol ?LOCALE_DECIMAL_POINTS@core@irr@@3V?$string@DV?$irrAllocator@D@core@irr@@@12@A (class irr::core::string<char,class irr::core::irrAllocator<char> > irr::core::LOCALE_DECIMAL_POINTS) imported
     1>irrLitch.lib(CDMFLoader.obj) : warning LNK4049: locally defined symbol ?LOCALE_DECIMAL_POINTS@core@irr@@3V?$string@DV?$irrAllocator@D@core@irr@@@12@A (class irr::core::string<char,class irr::core::irrAllocator<char> > irr::core::LOCALE_DECIMAL_POINTS) imported
     1>irrLitch.lib(COgreMeshFileLoader.obj) : warning LNK4217: locally defined symbol ?LOCALE_DECIMAL_POINTS@core@irr@@3V?$string@DV?$irrAllocator@D@core@irr@@@12@A (class irr::core::string<char,class irr::core::irrAllocator<char> > irr::core::LOCALE_DECIMAL_POINTS) imported in function "public: __thiscall irr::scene::IMesh::IMesh(void)" (??0IMesh@scene@irr@@QAE@XZ)
     1>irrLitch.lib(CAttributes.obj) : warning LNK4049: locally defined symbol ?LOCALE_DECIMAL_POINTS@core@irr@@3V?$string@DV?$irrAllocator@D@core@irr@@@12@A (class irr::core::string<char,class irr::core::irrAllocator<char> > irr::core::LOCALE_DECIMAL_POINTS) imported
     1>irrLitch.lib(COpenGLExtensionHandler.obj) : warning LNK4049: locally defined symbol ?LOCALE_DECIMAL_POINTS@core@irr@@3V?$string@DV?$irrAllocator@D@core@irr@@@12@A (class irr::core::string<char,class irr::core::irrAllocator<char> > irr::core::LOCALE_DECIMAL_POINTS) imported
     1>irrLitch.lib(CGUISpinBox.obj) : warning LNK4049: locally defined symbol ?LOCALE_DECIMAL_POINTS@core@irr@@3V?$string@DV?$irrAllocator@D@core@irr@@@12@A (class irr::core::string<char,class irr::core::irrAllocator<char> > irr::core::LOCALE_DECIMAL_POINTS) imported
     1>irrLitch.lib(CIrrMeshFileLoader.obj) : warning LNK4049: locally defined symbol ?LOCALE_DECIMAL_POINTS@core@irr@@3V?$string@DV?$irrAllocator@D@core@irr@@@12@A (class irr::core::string<char,class irr::core::irrAllocator<char> > irr::core::LOCALE_DECIMAL_POINTS) imported
     1>irrLitch.lib(CQuake3ShaderSceneNode.obj) : warning LNK4049: locally defined symbol ?IdentityMaterial@video@irr@@3VSMaterial@12@A (class irr::video::SMaterial irr::video::IdentityMaterial) imported
     1>irrLitch.lib(CVolumeLightSceneNode.obj) : warning LNK4049: locally defined symbol ?IdentityMaterial@video@irr@@3VSMaterial@12@A (class irr::video::SMaterial irr::video::IdentityMaterial) imported
     1>irrLitch.lib(CBoneSceneNode.obj) : warning LNK4049: locally defined symbol ?IdentityMaterial@video@irr@@3VSMaterial@12@A (class irr::video::SMaterial irr::video::IdentityMaterial) imported
     1>irrLitch.lib(CShadowVolumeSceneNode.obj) : warning LNK4049: locally defined symbol ?IdentityMaterial@video@irr@@3VSMaterial@12@A (class irr::video::SMaterial irr::video::IdentityMaterial) imported
     1>irrLitch.lib(CDummyTransformationSceneNode.obj) : warning LNK4049: locally defined symbol ?IdentityMaterial@video@irr@@3VSMaterial@12@A (class irr::video::SMaterial irr::video::IdentityMaterial) imported
     1>irrLitch.lib(CTerrainSceneNode.obj) : warning LNK4049: locally defined symbol ?IdentityMaterial@video@irr@@3VSMaterial@12@A (class irr::video::SMaterial irr::video::IdentityMaterial) imported
     1>irrLitch.lib(CEmptySceneNode.obj) : warning LNK4049: locally defined symbol ?IdentityMaterial@video@irr@@3VSMaterial@12@A (class irr::video::SMaterial irr::video::IdentityMaterial) imported
     1>irrLitch.lib(CTextSceneNode.obj) : warning LNK4049: locally defined symbol ?IdentityMaterial@video@irr@@3VSMaterial@12@A (class irr::video::SMaterial irr::video::IdentityMaterial) imported
     1>irrLitch.lib(CMeshSceneNode.obj) : warning LNK4049: locally defined symbol ?IdentityMaterial@video@irr@@3VSMaterial@12@A (class irr::video::SMaterial irr::video::IdentityMaterial) imported
     1>irrLitch.lib(CSkyBoxSceneNode.obj) : warning LNK4049: locally defined symbol ?IdentityMaterial@video@irr@@3VSMaterial@12@A (class irr::video::SMaterial irr::video::IdentityMaterial) imported
     1>irrLitch.lib(CSkyDomeSceneNode.obj) : warning LNK4049: locally defined symbol ?IdentityMaterial@video@irr@@3VSMaterial@12@A (class irr::video::SMaterial irr::video::IdentityMaterial) imported
     1>irrLitch.lib(CParticleSystemSceneNode.obj) : warning LNK4049: locally defined symbol ?IdentityMaterial@video@irr@@3VSMaterial@12@A (class irr::video::SMaterial irr::video::IdentityMaterial) imported
     1>irrLitch.lib(COctreeSceneNode.obj) : warning LNK4049: locally defined symbol ?IdentityMaterial@video@irr@@3VSMaterial@12@A (class irr::video::SMaterial irr::video::IdentityMaterial) imported
     1>irrLitch.lib(CCameraSceneNode.obj) : warning LNK4049: locally defined symbol ?IdentityMaterial@video@irr@@3VSMaterial@12@A (class irr::video::SMaterial irr::video::IdentityMaterial) imported
     1>irrLitch.lib(CLightSceneNode.obj) : warning LNK4049: locally defined symbol ?IdentityMaterial@video@irr@@3VSMaterial@12@A (class irr::video::SMaterial irr::video::IdentityMaterial) imported
     1>irrLitch.lib(CBillboardSceneNode.obj) : warning LNK4049: locally defined symbol ?IdentityMaterial@video@irr@@3VSMaterial@12@A (class irr::video::SMaterial irr::video::IdentityMaterial) imported
     1>irrLitch.lib(CSceneManager.obj) : warning LNK4049: locally defined symbol ?IdentityMaterial@video@irr@@3VSMaterial@12@A (class irr::video::SMaterial irr::video::IdentityMaterial) imported
     1>irrLitch.lib(CCubeSceneNode.obj) : warning LNK4049: locally defined symbol ?IdentityMaterial@video@irr@@3VSMaterial@12@A (class irr::video::SMaterial irr::video::IdentityMaterial) imported
     1>irrLitch.lib(CSphereSceneNode.obj) : warning LNK4049: locally defined symbol ?IdentityMaterial@video@irr@@3VSMaterial@12@A (class irr::video::SMaterial irr::video::IdentityMaterial) imported
     1>irrLitch.lib(CAnimatedMeshSceneNode.obj) : warning LNK4049: locally defined symbol ?IdentityMaterial@video@irr@@3VSMaterial@12@A (class irr::video::SMaterial irr::video::IdentityMaterial) imported
         Game_2012.vcxproj -> D:\hung.nguyenvan2\KidBuu\trunk\christmasGame\prj\Debug\Game_2012.exe
     1>Done Building Project "D:\hung.nguyenvan2\KidBuu\trunk\christmasGame\prj\Game_2012.vcxproj" (Build target(s)).

Build succeeded.

Time Elapsed 00:00:02.52
